2025-03-05 12:53:33,355 - INFO - Starting application...
2025-03-05 12:53:33,355 - INFO - Starting scraping process...
2025-03-05 12:53:33,355 - ERROR - Error in pipeline: Message: Unable to obtain driver for chrome; For documentation on this error, please visit: https://www.selenium.dev/documentation/webdriver/troubleshooting/errors/driver_location

2025-03-05 12:54:14,181 - INFO - Starting application...
2025-03-05 12:54:14,181 - INFO - Starting scraping process...
2025-03-05 12:54:41,324 - INFO - Starting preprocessing...
2025-03-05 12:54:42,099 - INFO - Pipeline completed successfully at 2025-03-05 12:54:42.099848
2025-03-05 13:12:09,132 - INFO - Starting application...
2025-03-05 13:12:09,132 - INFO - Starting scraping process...
2025-03-05 13:12:17,787 - INFO - Starting preprocessing...
2025-03-05 13:12:17,812 - INFO - Pipeline completed successfully at 2025-03-05 13:12:17.812933
2025-03-05 13:15:34,060 - INFO - Starting application...
2025-03-05 13:15:34,060 - INFO - Starting scraping process...
2025-03-05 13:15:42,985 - INFO - Starting preprocessing...
2025-03-05 13:15:43,011 - INFO - Pipeline completed successfully at 2025-03-05 13:15:43.011717
2025-03-05 13:18:11,891 - INFO - Starting application...
2025-03-05 13:18:11,891 - INFO - Starting scraping process...
2025-03-05 13:18:20,703 - INFO - Starting preprocessing...
2025-03-05 13:18:20,726 - INFO - Pipeline completed successfully at 2025-03-05 13:18:20.726102
2025-03-05 13:22:04,511 - INFO - Starting application...
2025-03-05 13:22:04,511 - INFO - Starting scraping process...
2025-03-05 13:22:30,022 - INFO - Starting preprocessing...
2025-03-05 13:22:30,051 - INFO - Pipeline completed successfully at 2025-03-05 13:22:30.051294
2025-03-05 13:31:17,142 - INFO - Starting application...
2025-03-05 13:31:17,155 - INFO - Starting scraping process...
2025-03-05 13:31:35,511 - INFO - Starting preprocessing...
2025-03-05 13:31:35,535 - INFO - Pipeline completed successfully at 2025-03-05 13:31:35.535883
2025-03-05 13:36:55,611 - INFO - Starting application...
2025-03-05 13:36:55,611 - INFO - Starting scraping process...
2025-03-05 13:37:18,694 - INFO - Starting preprocessing...
2025-03-05 13:37:18,717 - INFO - Pipeline completed successfully at 2025-03-05 13:37:18.714469
2025-03-05 13:39:57,457 - INFO - Starting application...
2025-03-05 13:39:57,457 - INFO - Starting scraping process...
2025-03-05 13:40:19,296 - INFO - Starting preprocessing...
2025-03-05 13:40:19,320 - INFO - Pipeline completed successfully at 2025-03-05 13:40:19.320914
2025-03-05 13:49:13,827 - INFO - Starting application...
2025-03-05 13:49:13,827 - INFO - Starting scraping process...
2025-03-05 13:49:34,640 - INFO - Starting preprocessing...
2025-03-05 13:49:34,665 - INFO - Pipeline completed successfully at 2025-03-05 13:49:34.665128
2025-03-05 13:52:58,987 - INFO - Starting application...
2025-03-05 13:52:58,987 - INFO - Starting scraping process...
2025-03-05 13:53:22,680 - INFO - Starting preprocessing...
2025-03-05 13:53:22,705 - INFO - Pipeline completed successfully at 2025-03-05 13:53:22.705211
2025-03-05 13:58:47,174 - INFO - Starting application...
2025-03-05 13:58:47,174 - INFO - Starting scraping process...
2025-03-05 13:59:09,265 - INFO - Starting preprocessing...
2025-03-05 13:59:09,281 - ERROR - Error in pipeline: No columns to parse from file
2025-03-05 14:04:55,390 - INFO - Starting application...
2025-03-05 14:04:55,390 - INFO - Starting scraping process...
2025-03-05 14:05:46,903 - INFO - Starting preprocessing...
2025-03-05 14:05:46,915 - ERROR - Error in pipeline: No columns to parse from file
2025-03-05 14:07:09,691 - INFO - Starting application...
2025-03-05 14:07:09,691 - INFO - Starting scraping process...
2025-03-05 14:07:56,848 - INFO - Starting preprocessing...
2025-03-05 14:07:56,881 - INFO - Pipeline completed successfully at 2025-03-05 14:07:56.881293
2025-03-05 14:16:18,136 - INFO - Starting application...
2025-03-05 14:16:18,136 - INFO - Starting scraping process...
2025-03-05 14:17:11,741 - INFO - Starting preprocessing...
2025-03-05 14:17:11,765 - INFO - Pipeline completed successfully at 2025-03-05 14:17:11.765839
2025-03-05 14:32:01,761 - INFO - Starting application...
2025-03-05 14:32:01,762 - INFO - Starting scraping process...
2025-03-05 14:32:53,839 - INFO - Starting preprocessing...
2025-03-05 14:32:53,861 - INFO - Pipeline completed successfully at 2025-03-05 14:32:53.861888
2025-03-05 14:35:33,456 - INFO - Starting application...
2025-03-05 14:35:33,456 - INFO - Starting scraping process...
2025-03-05 14:35:53,712 - INFO - Starting preprocessing...
2025-03-05 14:35:53,733 - INFO - Pipeline completed successfully at 2025-03-05 14:35:53.733602
2025-03-05 15:13:53,678 - INFO - Starting application...
2025-03-05 15:13:53,678 - INFO - Starting scraping process...
2025-03-05 15:14:21,036 - INFO - Starting preprocessing...
2025-03-05 15:14:21,060 - INFO - Pipeline completed successfully at 2025-03-05 15:14:21.060825
2025-03-05 15:59:20,800 - INFO - Starting application...
2025-03-05 15:59:20,800 - INFO - Starting scraping process...
2025-03-05 15:59:27,725 - INFO - Starting preprocessing...
2025-03-05 15:59:27,738 - INFO - Pipeline completed successfully at 2025-03-05 15:59:27.738057
2025-03-05 15:59:53,039 - INFO - Starting application...
2025-03-05 15:59:53,039 - INFO - Starting scraping process...
2025-03-05 15:59:56,553 - INFO - Starting preprocessing...
2025-03-05 15:59:56,561 - INFO - Pipeline completed successfully at 2025-03-05 15:59:56.561147
2025-03-05 16:02:47,810 - INFO - Starting application...
2025-03-05 16:02:47,810 - INFO - Starting scraping process...
2025-03-05 16:03:13,585 - INFO - Starting preprocessing...
2025-03-05 16:03:13,617 - INFO - Pipeline completed successfully at 2025-03-05 16:03:13.617458
2025-03-05 16:07:53,934 - INFO - Starting application...
2025-03-05 16:07:53,934 - INFO - Starting scraping process...
2025-03-05 16:08:19,911 - INFO - Starting preprocessing...
2025-03-05 16:08:19,936 - INFO - Pipeline completed successfully at 2025-03-05 16:08:19.936575
2025-03-05 16:23:26,752 - INFO - Starting application...
2025-03-05 16:23:26,752 - INFO - Starting scraping process...
2025-03-05 16:23:57,519 - INFO - Starting preprocessing...
2025-03-05 16:23:57,576 - INFO - Pipeline completed successfully at 2025-03-05 16:23:57.576054
2025-03-05 16:35:55,781 - INFO - Starting application...
2025-03-05 16:35:55,781 - INFO - Starting scraping process...
2025-03-05 16:36:24,742 - INFO - Starting preprocessing...
2025-03-05 16:36:24,777 - INFO - Pipeline completed successfully at 2025-03-05 16:36:24.777127
2025-03-05 16:44:17,128 - INFO - Starting application...
2025-03-05 16:44:17,128 - INFO - Starting scraping process...
2025-03-05 16:44:46,023 - INFO - Starting preprocessing...
2025-03-05 16:44:46,042 - INFO - Pipeline completed successfully at 2025-03-05 16:44:46.042644
2025-03-05 16:45:24,958 - INFO - Starting application...
2025-03-05 16:45:24,958 - INFO - Starting scraping process...
2025-03-05 16:45:54,398 - INFO - Starting preprocessing...
2025-03-05 16:45:54,420 - INFO - Pipeline completed successfully at 2025-03-05 16:45:54.420894
2025-03-05 16:49:10,689 - INFO - Starting application...
2025-03-05 16:49:10,689 - INFO - Starting scraping process...
2025-03-05 16:49:46,012 - INFO - Starting preprocessing...
2025-03-05 16:49:46,021 - ERROR - Error in pipeline: [Errno 2] No such file or directory: 'scraping/raw_reviews.csv'
2025-03-05 16:51:27,343 - INFO - Starting application...
2025-03-05 16:51:27,343 - INFO - Starting scraping process...
2025-03-05 16:51:56,880 - INFO - Starting preprocessing...
2025-03-05 16:51:56,880 - ERROR - Error in pipeline: [Errno 2] No such file or directory: 'scraping/raw_reviews.csv'
2025-03-05 16:53:50,539 - INFO - Starting application...
2025-03-05 16:53:50,539 - INFO - Starting scraping process...
2025-03-05 16:57:06,931 - WARNING - Retrying (Retry(total=2, connect=None, read=None, redirect=None, status=None)) after connection broken by 'ConnectionResetError(10054, 'An existing connection was forcibly closed by the remote host', None, 10054, None)': /session/934d260453ad21092fa6290cca4541b8
2025-03-05 16:57:10,997 - WARNING - Retrying (Retry(total=1, connect=None, read=None, redirect=None, status=None)) after connection broken by 'NewConnectionError('<urllib3.connection.HTTPConnection object at 0x0000012E06624150>: Failed to establish a new connection: [WinError 10061] No connection could be made because the target machine actively refused it')': /session/934d260453ad21092fa6290cca4541b8
2025-03-05 16:57:15,064 - WARNING - Retrying (Retry(total=0, connect=None, read=None, redirect=None, status=None)) after connection broken by 'NewConnectionError('<urllib3.connection.HTTPConnection object at 0x0000012E06624190>: Failed to establish a new connection: [WinError 10061] No connection could be made because the target machine actively refused it')': /session/934d260453ad21092fa6290cca4541b8
2025-03-05 17:01:26,302 - INFO - Starting application...
2025-03-05 17:01:26,317 - INFO - Starting scraping process...
2025-03-05 17:29:00,754 - INFO - Starting preprocessing...
2025-03-05 17:29:00,802 - ERROR - Error in pipeline: [Errno 2] No such file or directory: 'scraping/raw_reviews.csv'
2025-03-08 12:20:48,134 - INFO - Starting application...
2025-03-08 12:20:48,134 - INFO - Starting scraping process...
2025-03-08 12:20:55,580 - WARNING - Retrying (Retry(total=2, connect=None, read=None, redirect=None, status=None)) after connection broken by 'ConnectionResetError(10054, 'An existing connection was forcibly closed by the remote host', None, 10054, None)': /session/f72113fb0f4f3949e0926c03bbb0a783
2025-03-08 12:20:59,680 - WARNING - Retrying (Retry(total=1, connect=None, read=None, redirect=None, status=None)) after connection broken by 'NewConnectionError('<urllib3.connection.HTTPConnection object at 0x0000027A5E9FAE50>: Failed to establish a new connection: [WinError 10061] No connection could be made because the target machine actively refused it')': /session/f72113fb0f4f3949e0926c03bbb0a783
2025-03-08 12:21:03,749 - WARNING - Retrying (Retry(total=0, connect=None, read=None, redirect=None, status=None)) after connection broken by 'NewConnectionError('<urllib3.connection.HTTPConnection object at 0x0000027A5E9FB810>: Failed to establish a new connection: [WinError 10061] No connection could be made because the target machine actively refused it')': /session/f72113fb0f4f3949e0926c03bbb0a783
2025-03-08 12:47:00,607 - INFO - Starting application...
2025-03-08 12:47:00,607 - INFO - Starting scraping process...
2025-03-08 12:48:18,044 - WARNING - Retrying (Retry(total=2, connect=None, read=None, redirect=None, status=None)) after connection broken by 'NewConnectionError('<urllib3.connection.HTTPConnection object at 0x000001CA18E997D0>: Failed to establish a new connection: [WinError 10061] No connection could be made because the target machine actively refused it')': /session/26085a763c0b30f6bc1196c0a65e576e
2025-03-08 12:48:22,112 - WARNING - Retrying (Retry(total=1, connect=None, read=None, redirect=None, status=None)) after connection broken by 'NewConnectionError('<urllib3.connection.HTTPConnection object at 0x000001CA18D1B190>: Failed to establish a new connection: [WinError 10061] No connection could be made because the target machine actively refused it')': /session/26085a763c0b30f6bc1196c0a65e576e
